{"C:\\Users\\User\\Downloads\\NTT DATA\\Proyecto_Bootcamp\\ecommerce-react-app\\src\\vite-env.d.ts": {"path":"C:\\Users\\User\\Downloads\\NTT DATA\\Proyecto_Bootcamp\\ecommerce-react-app\\src\\vite-env.d.ts","statementMap":{},"fnMap":{},"branchMap":{},"s":{},"f":{},"b":{}}
,"C:\\Users\\User\\Downloads\\NTT DATA\\Proyecto_Bootcamp\\ecommerce-react-app\\src\\app\\components\\Login\\LoginForm.styled.ts": {"path":"C:\\Users\\User\\Downloads\\NTT DATA\\Proyecto_Bootcamp\\ecommerce-react-app\\src\\app\\components\\Login\\LoginForm.styled.ts","statementMap":{"0":{"start":{"line":1,"column":0},"end":{"line":1,"column":39}},"1":{"start":{"line":3,"column":22},"end":{"line":9,"column":2}},"2":{"start":{"line":11,"column":13},"end":{"line":20,"column":2}},"3":{"start":{"line":22,"column":14},"end":{"line":26,"column":2}},"4":{"start":{"line":28,"column":14},"end":{"line":38,"column":2}},"5":{"start":{"line":31,"column":40},"end":{"line":31,"column":74}},"6":{"start":{"line":40,"column":15},"end":{"line":53,"column":2}},"7":{"start":{"line":45,"column":35},"end":{"line":45,"column":64}},"8":{"start":{"line":48,"column":31},"end":{"line":48,"column":67}},"9":{"start":{"line":51,"column":37},"end":{"line":51,"column":66}},"10":{"start":{"line":55,"column":21},"end":{"line":59,"column":2}},"11":{"start":{"line":61,"column":24},"end":{"line":68,"column":2}},"12":{"start":{"line":70,"column":0},"end":{"line":70,"column":31}}},"fnMap":{"0":{"name":"(anonymous_0)","decl":{"start":{"line":31,"column":22},"end":{"line":31,"column":23}},"loc":{"start":{"line":31,"column":40},"end":{"line":31,"column":74}}},"1":{"name":"(anonymous_1)","decl":{"start":{"line":45,"column":16},"end":{"line":45,"column":17}},"loc":{"start":{"line":45,"column":35},"end":{"line":45,"column":64}}},"2":{"name":"(anonymous_2)","decl":{"start":{"line":48,"column":12},"end":{"line":48,"column":13}},"loc":{"start":{"line":48,"column":31},"end":{"line":48,"column":67}}},"3":{"name":"(anonymous_3)","decl":{"start":{"line":51,"column":18},"end":{"line":51,"column":19}},"loc":{"start":{"line":51,"column":37},"end":{"line":51,"column":66}}}},"branchMap":{"0":{"loc":{"start":{"line":31,"column":40},"end":{"line":31,"column":74}},"type":"cond-expr","locations":[{"start":{"line":31,"column":60},"end":{"line":31,"column":65}},{"start":{"line":31,"column":68},"end":{"line":31,"column":74}}]},"1":{"loc":{"start":{"line":45,"column":35},"end":{"line":45,"column":64}},"type":"cond-expr","locations":[{"start":{"line":45,"column":46},"end":{"line":45,"column":52}},{"start":{"line":45,"column":55},"end":{"line":45,"column":64}}]},"2":{"loc":{"start":{"line":48,"column":31},"end":{"line":48,"column":67}},"type":"cond-expr","locations":[{"start":{"line":48,"column":42},"end":{"line":48,"column":55}},{"start":{"line":48,"column":58},"end":{"line":48,"column":67}}]},"3":{"loc":{"start":{"line":51,"column":37},"end":{"line":51,"column":66}},"type":"cond-expr","locations":[{"start":{"line":51,"column":48},"end":{"line":51,"column":54}},{"start":{"line":51,"column":57},"end":{"line":51,"column":66}}]}},"s":{"0":0,"1":0,"2":0,"3":0,"4":0,"5":0,"6":0,"7":0,"8":0,"9":0,"10":0,"11":0,"12":0},"f":{"0":0,"1":0,"2":0,"3":0},"b":{"0":[0,0],"1":[0,0],"2":[0,0],"3":[0,0]}}
,"C:\\Users\\User\\Downloads\\NTT DATA\\Proyecto_Bootcamp\\ecommerce-react-app\\src\\app\\components\\Modal\\Modal.styled.ts": {"path":"C:\\Users\\User\\Downloads\\NTT DATA\\Proyecto_Bootcamp\\ecommerce-react-app\\src\\app\\components\\Modal\\Modal.styled.ts","statementMap":{"0":{"start":{"line":1,"column":0},"end":{"line":1,"column":39}},"1":{"start":{"line":3,"column":16},"end":{"line":11,"column":2}},"2":{"start":{"line":13,"column":16},"end":{"line":21,"column":2}},"3":{"start":{"line":23,"column":14},"end":{"line":27,"column":2}},"4":{"start":{"line":29,"column":13},"end":{"line":32,"column":2}},"5":{"start":{"line":34,"column":20},"end":{"line":46,"column":2}},"6":{"start":{"line":48,"column":20},"end":{"line":54,"column":2}},"7":{"start":{"line":56,"column":0},"end":{"line":56,"column":27}}},"fnMap":{},"branchMap":{},"s":{"0":0,"1":0,"2":0,"3":0,"4":0,"5":0,"6":0,"7":0},"f":{},"b":{}}
,"C:\\Users\\User\\Downloads\\NTT DATA\\Proyecto_Bootcamp\\ecommerce-react-app\\src\\app\\components\\Pagination\\Pagination.styled.ts": {"path":"C:\\Users\\User\\Downloads\\NTT DATA\\Proyecto_Bootcamp\\ecommerce-react-app\\src\\app\\components\\Pagination\\Pagination.styled.ts","statementMap":{"0":{"start":{"line":1,"column":0},"end":{"line":1,"column":39}},"1":{"start":{"line":2,"column":0},"end":{"line":2,"column":55}},"2":{"start":{"line":4,"column":18},"end":{"line":9,"column":2}},"3":{"start":{"line":15,"column":19},"end":{"line":29,"column":2}},"4":{"start":{"line":19,"column":33},"end":{"line":19,"column":91}},"5":{"start":{"line":20,"column":28},"end":{"line":20,"column":65}},"6":{"start":{"line":23,"column":34},"end":{"line":23,"column":56}},"7":{"start":{"line":27,"column":35},"end":{"line":27,"column":94}},"8":{"start":{"line":31,"column":25},"end":{"line":34,"column":2}},"9":{"start":{"line":36,"column":0},"end":{"line":36,"column":32}}},"fnMap":{"0":{"name":"(anonymous_0)","decl":{"start":{"line":19,"column":16},"end":{"line":19,"column":17}},"loc":{"start":{"line":19,"column":33},"end":{"line":19,"column":91}}},"1":{"name":"(anonymous_1)","decl":{"start":{"line":20,"column":11},"end":{"line":20,"column":12}},"loc":{"start":{"line":20,"column":28},"end":{"line":20,"column":65}}},"2":{"name":"(anonymous_2)","decl":{"start":{"line":23,"column":17},"end":{"line":23,"column":18}},"loc":{"start":{"line":23,"column":34},"end":{"line":23,"column":56}}},"3":{"name":"(anonymous_3)","decl":{"start":{"line":27,"column":18},"end":{"line":27,"column":19}},"loc":{"start":{"line":27,"column":35},"end":{"line":27,"column":94}}}},"branchMap":{"0":{"loc":{"start":{"line":19,"column":33},"end":{"line":19,"column":91}},"type":"cond-expr","locations":[{"start":{"line":19,"column":42},"end":{"line":19,"column":64}},{"start":{"line":19,"column":67},"end":{"line":19,"column":91}}]},"1":{"loc":{"start":{"line":20,"column":28},"end":{"line":20,"column":65}},"type":"cond-expr","locations":[{"start":{"line":20,"column":37},"end":{"line":20,"column":55}},{"start":{"line":20,"column":58},"end":{"line":20,"column":65}}]},"2":{"loc":{"start":{"line":23,"column":34},"end":{"line":23,"column":56}},"type":"cond-expr","locations":[{"start":{"line":23,"column":43},"end":{"line":23,"column":48}},{"start":{"line":23,"column":51},"end":{"line":23,"column":56}}]},"3":{"loc":{"start":{"line":27,"column":35},"end":{"line":27,"column":94}},"type":"cond-expr","locations":[{"start":{"line":27,"column":44},"end":{"line":27,"column":67}},{"start":{"line":27,"column":71},"end":{"line":27,"column":94}}]}},"s":{"0":0,"1":0,"2":0,"3":0,"4":0,"5":0,"6":0,"7":0,"8":0,"9":0},"f":{"0":0,"1":0,"2":0,"3":0},"b":{"0":[0,0],"1":[0,0],"2":[0,0],"3":[0,0]}}
,"C:\\Users\\User\\Downloads\\NTT DATA\\Proyecto_Bootcamp\\ecommerce-react-app\\src\\app\\components\\ProductCard\\ProductCard.styled.ts": {"path":"C:\\Users\\User\\Downloads\\NTT DATA\\Proyecto_Bootcamp\\ecommerce-react-app\\src\\app\\components\\ProductCard\\ProductCard.styled.ts","statementMap":{"0":{"start":{"line":1,"column":0},"end":{"line":1,"column":39}},"1":{"start":{"line":2,"column":0},"end":{"line":2,"column":55}},"2":{"start":{"line":4,"column":13},"end":{"line":24,"column":2}},"3":{"start":{"line":26,"column":15},"end":{"line":29,"column":2}},"4":{"start":{"line":31,"column":14},"end":{"line":39,"column":2}},"5":{"start":{"line":41,"column":17},"end":{"line":46,"column":2}},"6":{"start":{"line":48,"column":14},"end":{"line":53,"column":2}},"7":{"start":{"line":55,"column":23},"end":{"line":63,"column":2}},"8":{"start":{"line":65,"column":21},"end":{"line":72,"column":2}},"9":{"start":{"line":74,"column":15},"end":{"line":98,"column":2}},"10":{"start":{"line":100,"column":26},"end":{"line":109,"column":2}},"11":{"start":{"line":111,"column":0},"end":{"line":111,"column":33}}},"fnMap":{},"branchMap":{},"s":{"0":0,"1":0,"2":0,"3":0,"4":0,"5":0,"6":0,"7":0,"8":0,"9":0,"10":0,"11":0},"f":{},"b":{}}
,"C:\\Users\\User\\Downloads\\NTT DATA\\Proyecto_Bootcamp\\ecommerce-react-app\\src\\app\\pages\\Home\\Home.styled.ts": {"path":"C:\\Users\\User\\Downloads\\NTT DATA\\Proyecto_Bootcamp\\ecommerce-react-app\\src\\app\\pages\\Home\\Home.styled.ts","statementMap":{"0":{"start":{"line":1,"column":0},"end":{"line":1,"column":39}},"1":{"start":{"line":3,"column":18},"end":{"line":10,"column":2}},"2":{"start":{"line":12,"column":14},"end":{"line":17,"column":2}},"3":{"start":{"line":19,"column":20},"end":{"line":36,"column":2}},"4":{"start":{"line":38,"column":26},"end":{"line":44,"column":2}},"5":{"start":{"line":46,"column":20},"end":{"line":50,"column":2}},"6":{"start":{"line":52,"column":21},"end":{"line":57,"column":2}},"7":{"start":{"line":59,"column":21},"end":{"line":63,"column":2}},"8":{"start":{"line":66,"column":19},"end":{"line":74,"column":2}},"9":{"start":{"line":76,"column":0},"end":{"line":76,"column":26}}},"fnMap":{},"branchMap":{},"s":{"0":0,"1":0,"2":0,"3":0,"4":0,"5":0,"6":0,"7":0,"8":0,"9":0},"f":{},"b":{}}
,"C:\\Users\\User\\Downloads\\NTT DATA\\Proyecto_Bootcamp\\ecommerce-react-app\\src\\app\\pages\\Login\\Login.styled.ts": {"path":"C:\\Users\\User\\Downloads\\NTT DATA\\Proyecto_Bootcamp\\ecommerce-react-app\\src\\app\\pages\\Login\\Login.styled.ts","statementMap":{"0":{"start":{"line":1,"column":0},"end":{"line":1,"column":39}},"1":{"start":{"line":3,"column":18},"end":{"line":9,"column":2}},"2":{"start":{"line":11,"column":13},"end":{"line":20,"column":2}},"3":{"start":{"line":22,"column":14},"end":{"line":26,"column":2}},"4":{"start":{"line":28,"column":14},"end":{"line":38,"column":2}},"5":{"start":{"line":31,"column":40},"end":{"line":31,"column":74}},"6":{"start":{"line":40,"column":15},"end":{"line":53,"column":2}},"7":{"start":{"line":45,"column":35},"end":{"line":45,"column":64}},"8":{"start":{"line":48,"column":31},"end":{"line":48,"column":67}},"9":{"start":{"line":51,"column":37},"end":{"line":51,"column":66}},"10":{"start":{"line":55,"column":16},"end":{"line":59,"column":2}},"11":{"start":{"line":58,"column":26},"end":{"line":58,"column":60}},"12":{"start":{"line":61,"column":14},"end":{"line":75,"column":2}},"13":{"start":{"line":77,"column":20},"end":{"line":85,"column":2}},"14":{"start":{"line":87,"column":0},"end":{"line":87,"column":27}}},"fnMap":{"0":{"name":"(anonymous_0)","decl":{"start":{"line":31,"column":22},"end":{"line":31,"column":23}},"loc":{"start":{"line":31,"column":40},"end":{"line":31,"column":74}}},"1":{"name":"(anonymous_1)","decl":{"start":{"line":45,"column":16},"end":{"line":45,"column":17}},"loc":{"start":{"line":45,"column":35},"end":{"line":45,"column":64}}},"2":{"name":"(anonymous_2)","decl":{"start":{"line":48,"column":12},"end":{"line":48,"column":13}},"loc":{"start":{"line":48,"column":31},"end":{"line":48,"column":67}}},"3":{"name":"(anonymous_3)","decl":{"start":{"line":51,"column":18},"end":{"line":51,"column":19}},"loc":{"start":{"line":51,"column":37},"end":{"line":51,"column":66}}},"4":{"name":"(anonymous_4)","decl":{"start":{"line":58,"column":11},"end":{"line":58,"column":12}},"loc":{"start":{"line":58,"column":26},"end":{"line":58,"column":60}}}},"branchMap":{"0":{"loc":{"start":{"line":31,"column":40},"end":{"line":31,"column":74}},"type":"cond-expr","locations":[{"start":{"line":31,"column":60},"end":{"line":31,"column":65}},{"start":{"line":31,"column":68},"end":{"line":31,"column":74}}]},"1":{"loc":{"start":{"line":45,"column":35},"end":{"line":45,"column":64}},"type":"cond-expr","locations":[{"start":{"line":45,"column":46},"end":{"line":45,"column":52}},{"start":{"line":45,"column":55},"end":{"line":45,"column":64}}]},"2":{"loc":{"start":{"line":48,"column":31},"end":{"line":48,"column":67}},"type":"cond-expr","locations":[{"start":{"line":48,"column":42},"end":{"line":48,"column":55}},{"start":{"line":48,"column":58},"end":{"line":48,"column":67}}]},"3":{"loc":{"start":{"line":51,"column":37},"end":{"line":51,"column":66}},"type":"cond-expr","locations":[{"start":{"line":51,"column":48},"end":{"line":51,"column":54}},{"start":{"line":51,"column":57},"end":{"line":51,"column":66}}]},"4":{"loc":{"start":{"line":58,"column":26},"end":{"line":58,"column":60}},"type":"cond-expr","locations":[{"start":{"line":58,"column":45},"end":{"line":58,"column":50}},{"start":{"line":58,"column":53},"end":{"line":58,"column":60}}]}},"s":{"0":0,"1":0,"2":0,"3":0,"4":0,"5":0,"6":0,"7":0,"8":0,"9":0,"10":0,"11":0,"12":0,"13":0,"14":0},"f":{"0":0,"1":0,"2":0,"3":0,"4":0},"b":{"0":[0,0],"1":[0,0],"2":[0,0],"3":[0,0],"4":[0,0]}}
,"C:\\Users\\User\\Downloads\\NTT DATA\\Proyecto_Bootcamp\\ecommerce-react-app\\src\\app\\pages\\Resumen\\Resumen.styled.ts": {"path":"C:\\Users\\User\\Downloads\\NTT DATA\\Proyecto_Bootcamp\\ecommerce-react-app\\src\\app\\pages\\Resumen\\Resumen.styled.ts","statementMap":{"0":{"start":{"line":1,"column":0},"end":{"line":1,"column":39}},"1":{"start":{"line":2,"column":0},"end":{"line":2,"column":55}},"2":{"start":{"line":4,"column":18},"end":{"line":9,"column":2}},"3":{"start":{"line":12,"column":23},"end":{"line":22,"column":2}},"4":{"start":{"line":25,"column":21},"end":{"line":31,"column":2}},"5":{"start":{"line":36,"column":20},"end":{"line":41,"column":2}},"6":{"start":{"line":44,"column":13},"end":{"line":46,"column":2}},"7":{"start":{"line":48,"column":22},"end":{"line":54,"column":2}},"8":{"start":{"line":56,"column":0},"end":{"line":56,"column":29}}},"fnMap":{},"branchMap":{},"s":{"0":0,"1":0,"2":0,"3":0,"4":0,"5":0,"6":0,"7":0,"8":0},"f":{},"b":{}}
,"C:\\Users\\User\\Downloads\\NTT DATA\\Proyecto_Bootcamp\\ecommerce-react-app\\src\\app\\proxy\\auth-request.ts": {"path":"C:\\Users\\User\\Downloads\\NTT DATA\\Proyecto_Bootcamp\\ecommerce-react-app\\src\\app\\proxy\\auth-request.ts","statementMap":{"0":{"start":{"line":13,"column":19},"end":{"line":13,"column":53}},"1":{"start":{"line":15,"column":13},"end":{"line":27,"column":2}},"2":{"start":{"line":16,"column":78},"end":{"line":26,"column":null}},"3":{"start":{"line":17,"column":21},"end":{"line":21,"column":6}},"4":{"start":{"line":23,"column":4},"end":{"line":23,"column":64}},"5":{"start":{"line":23,"column":22},"end":{"line":23,"column":64}},"6":{"start":{"line":25,"column":4},"end":{"line":25,"column":33}}},"fnMap":{"0":{"name":"(anonymous_7)","decl":{"start":{"line":16,"column":9},"end":{"line":16,"column":16}},"loc":{"start":{"line":16,"column":78},"end":{"line":26,"column":null}}},"1":{"name":"(anonymous_8)","decl":{"start":{"line":16,"column":78},"end":{"line":16,"column":null}},"loc":{"start":{"line":16,"column":78},"end":{"line":26,"column":3}}}},"branchMap":{"0":{"loc":{"start":{"line":23,"column":4},"end":{"line":23,"column":64}},"type":"if","locations":[{"start":{"line":23,"column":4},"end":{"line":23,"column":64}}]}},"s":{"0":0,"1":0,"2":0,"3":0,"4":0,"5":0,"6":0},"f":{"0":0,"1":0},"b":{"0":[0]}}
,"C:\\Users\\User\\Downloads\\NTT DATA\\Proyecto_Bootcamp\\ecommerce-react-app\\src\\app\\proxy\\product-request.ts": {"path":"C:\\Users\\User\\Downloads\\NTT DATA\\Proyecto_Bootcamp\\ecommerce-react-app\\src\\app\\proxy\\product-request.ts","statementMap":{"0":{"start":{"line":3,"column":23},"end":{"line":3,"column":46}},"1":{"start":{"line":5,"column":20},"end":{"line":14,"column":2}},"2":{"start":{"line":5,"column":52},"end":{"line":14,"column":2}},"3":{"start":{"line":6,"column":2},"end":{"line":13,"column":3}},"4":{"start":{"line":7,"column":21},"end":{"line":7,"column":62}},"5":{"start":{"line":8,"column":17},"end":{"line":8,"column":38}},"6":{"start":{"line":10,"column":4},"end":{"line":10,"column":25}},"7":{"start":{"line":12,"column":4},"end":{"line":12,"column":46}},"8":{"start":{"line":17,"column":19},"end":{"line":28,"column":2}},"9":{"start":{"line":17,"column":65},"end":{"line":28,"column":2}},"10":{"start":{"line":18,"column":2},"end":{"line":27,"column":3}},"11":{"start":{"line":19,"column":21},"end":{"line":20,"column":null}},"12":{"start":{"line":22,"column":17},"end":{"line":22,"column":38}},"13":{"start":{"line":24,"column":4},"end":{"line":24,"column":16}},"14":{"start":{"line":26,"column":4},"end":{"line":26,"column":45}},"15":{"start":{"line":30,"column":13},"end":{"line":33,"column":2}}},"fnMap":{"0":{"name":"(anonymous_7)","decl":{"start":{"line":5,"column":20},"end":{"line":5,"column":50}},"loc":{"start":{"line":5,"column":52},"end":{"line":14,"column":2}}},"1":{"name":"(anonymous_8)","decl":{"start":{"line":5,"column":52},"end":{"line":5,"column":null}},"loc":{"start":{"line":5,"column":52},"end":{"line":14,"column":1}}},"2":{"name":"(anonymous_9)","decl":{"start":{"line":17,"column":19},"end":{"line":17,"column":26}},"loc":{"start":{"line":17,"column":65},"end":{"line":28,"column":2}}},"3":{"name":"(anonymous_10)","decl":{"start":{"line":17,"column":65},"end":{"line":17,"column":null}},"loc":{"start":{"line":17,"column":65},"end":{"line":28,"column":1}}}},"branchMap":{},"s":{"0":0,"1":0,"2":0,"3":0,"4":0,"5":0,"6":0,"7":0,"8":0,"9":0,"10":0,"11":0,"12":0,"13":0,"14":0,"15":0},"f":{"0":0,"1":0,"2":0,"3":0},"b":{}}
,"C:\\Users\\User\\Downloads\\NTT DATA\\Proyecto_Bootcamp\\ecommerce-react-app\\src\\shared\\Layout\\MainLayout\\MainLayout.styled.ts": {"path":"C:\\Users\\User\\Downloads\\NTT DATA\\Proyecto_Bootcamp\\ecommerce-react-app\\src\\shared\\Layout\\MainLayout\\MainLayout.styled.ts","statementMap":{"0":{"start":{"line":1,"column":0},"end":{"line":1,"column":39}},"1":{"start":{"line":2,"column":0},"end":{"line":2,"column":40}},"2":{"start":{"line":3,"column":0},"end":{"line":3,"column":45}},"3":{"start":{"line":7,"column":19},"end":{"line":11,"column":2}},"4":{"start":{"line":14,"column":15},"end":{"line":28,"column":2}},"5":{"start":{"line":31,"column":17},"end":{"line":44,"column":2}},"6":{"start":{"line":47,"column":16},"end":{"line":51,"column":2}},"7":{"start":{"line":54,"column":16},"end":{"line":59,"column":2}},"8":{"start":{"line":62,"column":16},"end":{"line":73,"column":2}},"9":{"start":{"line":76,"column":17},"end":{"line":85,"column":2}},"10":{"start":{"line":87,"column":17},"end":{"line":92,"column":2}},"11":{"start":{"line":95,"column":18},"end":{"line":106,"column":2}},"12":{"start":{"line":108,"column":25},"end":{"line":118,"column":2}},"13":{"start":{"line":120,"column":0},"end":{"line":120,"column":32}}},"fnMap":{},"branchMap":{},"s":{"0":0,"1":0,"2":0,"3":0,"4":0,"5":0,"6":0,"7":0,"8":0,"9":0,"10":0,"11":0,"12":0,"13":0},"f":{},"b":{}}
,"C:\\Users\\User\\Downloads\\NTT DATA\\Proyecto_Bootcamp\\ecommerce-react-app\\src\\shared\\hooks\\useLocalStorage.ts": {"path":"C:\\Users\\User\\Downloads\\NTT DATA\\Proyecto_Bootcamp\\ecommerce-react-app\\src\\shared\\hooks\\useLocalStorage.ts","statementMap":{"0":{"start":{"line":1,"column":0},"end":{"line":1,"column":44}},"1":{"start":{"line":3,"column":31},"end":{"line":14,"column":1}},"2":{"start":{"line":4,"column":15},"end":{"line":4,"column":40}},"3":{"start":{"line":5,"column":17},"end":{"line":5,"column":55}},"4":{"start":{"line":7,"column":40},"end":{"line":7,"column":59}},"5":{"start":{"line":9,"column":2},"end":{"line":11,"column":25}},"6":{"start":{"line":10,"column":4},"end":{"line":10,"column":59}},"7":{"start":{"line":13,"column":2},"end":{"line":13,"column":41}},"8":{"start":{"line":3,"column":13},"end":{"line":3,"column":31}}},"fnMap":{"0":{"name":"(anonymous_0)","decl":{"start":{"line":3,"column":31},"end":{"line":3,"column":35}},"loc":{"start":{"line":3,"column":67},"end":{"line":14,"column":1}}},"1":{"name":"(anonymous_1)","decl":{"start":{"line":9,"column":12},"end":{"line":9,"column":15}},"loc":{"start":{"line":9,"column":17},"end":{"line":11,"column":3}}}},"branchMap":{"0":{"loc":{"start":{"line":5,"column":17},"end":{"line":5,"column":55}},"type":"cond-expr","locations":[{"start":{"line":5,"column":24},"end":{"line":5,"column":40}},{"start":{"line":5,"column":43},"end":{"line":5,"column":55}}]}},"s":{"0":0,"1":0,"2":0,"3":0,"4":0,"5":0,"6":0,"7":0,"8":0},"f":{"0":0,"1":0},"b":{"0":[0,0]}}
,"C:\\Users\\User\\Downloads\\NTT DATA\\Proyecto_Bootcamp\\ecommerce-react-app\\src\\shared\\hooks\\useModal.ts": {"path":"C:\\Users\\User\\Downloads\\NTT DATA\\Proyecto_Bootcamp\\ecommerce-react-app\\src\\shared\\hooks\\useModal.ts","statementMap":{"0":{"start":{"line":1,"column":0},"end":{"line":1,"column":33}},"1":{"start":{"line":3,"column":24},"end":{"line":24,"column":1}},"2":{"start":{"line":4,"column":46},"end":{"line":4,"column":61}},"3":{"start":{"line":6,"column":20},"end":{"line":8,"column":3}},"4":{"start":{"line":7,"column":4},"end":{"line":7,"column":28}},"5":{"start":{"line":10,"column":22},"end":{"line":12,"column":3}},"6":{"start":{"line":11,"column":4},"end":{"line":11,"column":39}},"7":{"start":{"line":14,"column":21},"end":{"line":16,"column":3}},"8":{"start":{"line":15,"column":4},"end":{"line":15,"column":29}},"9":{"start":{"line":18,"column":2},"end":{"line":23,"column":4}},"10":{"start":{"line":3,"column":13},"end":{"line":3,"column":24}}},"fnMap":{"0":{"name":"(anonymous_0)","decl":{"start":{"line":3,"column":24},"end":{"line":3,"column":27}},"loc":{"start":{"line":3,"column":29},"end":{"line":24,"column":1}}},"1":{"name":"(anonymous_1)","decl":{"start":{"line":6,"column":20},"end":{"line":6,"column":23}},"loc":{"start":{"line":6,"column":25},"end":{"line":8,"column":3}}},"2":{"name":"(anonymous_2)","decl":{"start":{"line":10,"column":22},"end":{"line":10,"column":25}},"loc":{"start":{"line":10,"column":27},"end":{"line":12,"column":3}}},"3":{"name":"(anonymous_3)","decl":{"start":{"line":14,"column":21},"end":{"line":14,"column":24}},"loc":{"start":{"line":14,"column":26},"end":{"line":16,"column":3}}}},"branchMap":{},"s":{"0":0,"1":0,"2":0,"3":0,"4":0,"5":0,"6":0,"7":0,"8":0,"9":0,"10":0},"f":{"0":0,"1":0,"2":0,"3":0},"b":{}}
,"C:\\Users\\User\\Downloads\\NTT DATA\\Proyecto_Bootcamp\\ecommerce-react-app\\src\\shared\\hooks\\usePagination.ts": {"path":"C:\\Users\\User\\Downloads\\NTT DATA\\Proyecto_Bootcamp\\ecommerce-react-app\\src\\shared\\hooks\\usePagination.ts","statementMap":{"0":{"start":{"line":1,"column":0},"end":{"line":1,"column":42}},"1":{"start":{"line":4,"column":40},"end":{"line":4,"column":51}},"2":{"start":{"line":6,"column":21},"end":{"line":9,"column":26}},"3":{"start":{"line":7,"column":4},"end":{"line":7,"column":24}},"4":{"start":{"line":7,"column":15},"end":{"line":7,"column":24}},"5":{"start":{"line":8,"column":4},"end":{"line":8,"column":49}},"6":{"start":{"line":11,"column":22},"end":{"line":15,"column":39}},"7":{"start":{"line":12,"column":4},"end":{"line":12,"column":25}},"8":{"start":{"line":12,"column":15},"end":{"line":12,"column":25}},"9":{"start":{"line":13,"column":18},"end":{"line":13,"column":50}},"10":{"start":{"line":14,"column":4},"end":{"line":14,"column":51}},"11":{"start":{"line":17,"column":18},"end":{"line":20,"column":3}},"12":{"start":{"line":18,"column":4},"end":{"line":18,"column":46}},"13":{"start":{"line":18,"column":39},"end":{"line":18,"column":46}},"14":{"start":{"line":19,"column":4},"end":{"line":19,"column":25}},"15":{"start":{"line":22,"column":20},"end":{"line":22,"column":43}},"16":{"start":{"line":22,"column":26},"end":{"line":22,"column":43}},"17":{"start":{"line":24,"column":2},"end":{"line":24,"column":70}},"18":{"start":{"line":27,"column":0},"end":{"line":27,"column":29}}},"fnMap":{"0":{"name":"usePagination","decl":{"start":{"line":3,"column":9},"end":{"line":3,"column":22}},"loc":{"start":{"line":3,"column":64},"end":{"line":25,"column":1}}},"1":{"name":"(anonymous_1)","decl":{"start":{"line":6,"column":29},"end":{"line":6,"column":32}},"loc":{"start":{"line":6,"column":34},"end":{"line":9,"column":3}}},"2":{"name":"(anonymous_2)","decl":{"start":{"line":11,"column":30},"end":{"line":11,"column":33}},"loc":{"start":{"line":11,"column":35},"end":{"line":15,"column":3}}},"3":{"name":"(anonymous_3)","decl":{"start":{"line":17,"column":18},"end":{"line":17,"column":19}},"loc":{"start":{"line":17,"column":35},"end":{"line":20,"column":3}}},"4":{"name":"(anonymous_4)","decl":{"start":{"line":22,"column":20},"end":{"line":22,"column":23}},"loc":{"start":{"line":22,"column":26},"end":{"line":22,"column":43}}}},"branchMap":{"0":{"loc":{"start":{"line":7,"column":4},"end":{"line":7,"column":24}},"type":"if","locations":[{"start":{"line":7,"column":4},"end":{"line":7,"column":24}}]},"1":{"loc":{"start":{"line":12,"column":4},"end":{"line":12,"column":25}},"type":"if","locations":[{"start":{"line":12,"column":4},"end":{"line":12,"column":25}}]},"2":{"loc":{"start":{"line":18,"column":4},"end":{"line":18,"column":46}},"type":"if","locations":[{"start":{"line":18,"column":4},"end":{"line":18,"column":46}}]},"3":{"loc":{"start":{"line":18,"column":8},"end":{"line":18,"column":37}},"type":"binary-expr","locations":[{"start":{"line":18,"column":8},"end":{"line":18,"column":16}},{"start":{"line":18,"column":20},"end":{"line":18,"column":37}}]}},"s":{"0":0,"1":0,"2":0,"3":0,"4":0,"5":0,"6":0,"7":0,"8":0,"9":0,"10":0,"11":0,"12":0,"13":0,"14":0,"15":0,"16":0,"17":0,"18":0},"f":{"0":0,"1":0,"2":0,"3":0,"4":0},"b":{"0":[0],"1":[0],"2":[0],"3":[0,0]}}
,"C:\\Users\\User\\Downloads\\NTT DATA\\Proyecto_Bootcamp\\ecommerce-react-app\\src\\shared\\utils\\color.ts": {"path":"C:\\Users\\User\\Downloads\\NTT DATA\\Proyecto_Bootcamp\\ecommerce-react-app\\src\\shared\\utils\\color.ts","statementMap":{"0":{"start":{"line":1,"column":0},"end":{"line":1,"column":null}},"1":{"start":{"line":2,"column":2},"end":{"line":2,"column":null}},"2":{"start":{"line":3,"column":2},"end":{"line":3,"column":null}},"3":{"start":{"line":4,"column":2},"end":{"line":4,"column":null}},"4":{"start":{"line":5,"column":2},"end":{"line":5,"column":null}},"5":{"start":{"line":6,"column":2},"end":{"line":6,"column":null}},"6":{"start":{"line":7,"column":2},"end":{"line":7,"column":null}},"7":{"start":{"line":8,"column":2},"end":{"line":8,"column":null}}},"fnMap":{"0":{"name":"(anonymous_0)","decl":{"start":{"line":1,"column":0},"end":{"line":1,"column":12}},"loc":{"start":{"line":1,"column":20},"end":{"line":9,"column":1}}}},"branchMap":{"0":{"loc":{"start":{"line":1,"column":12},"end":{"line":1,"column":null}},"type":"binary-expr","locations":[{"start":{"line":1,"column":12},"end":{"line":1,"column":20}},{"start":{"line":1,"column":20},"end":{"line":1,"column":null}}]}},"s":{"0":0,"1":0,"2":0,"3":0,"4":0,"5":0,"6":0,"7":0},"f":{"0":0},"b":{"0":[0,0]}}
}
